TN:
SF:index.js
FNF:0
FNH:0
DA:1,1
DA:2,1
DA:3,1
DA:4,1
DA:5,1
DA:6,1
DA:7,1
DA:8,1
DA:9,1
DA:10,1
DA:11,1
DA:12,1
DA:13,1
DA:14,1
DA:15,1
DA:16,1
DA:17,1
DA:18,1
DA:19,1
DA:20,1
DA:21,1
DA:22,0
DA:23,0
DA:24,0
DA:25,0
DA:26,1
DA:27,1
LF:27
LH:23
BRDA:21,0,0,0
BRF:1
BRH:0
end_of_record
TN:
SF:src\controllers\accountController.js
FN:4,createAccount
FN:14,getAllAccounts
FN:23,getAccountById
FN:35,getAccountByUser
FNF:4
FNH:2
FNDA:1,createAccount
FNDA:1,getAllAccounts
FNDA:0,getAccountById
FNDA:0,getAccountByUser
DA:1,1
DA:2,1
DA:3,1
DA:4,1
DA:5,1
DA:6,1
DA:7,0
DA:8,1
DA:9,1
DA:10,1
DA:11,1
DA:12,1
DA:13,1
DA:14,1
DA:15,1
DA:16,1
DA:17,0
DA:18,1
DA:19,1
DA:20,1
DA:21,1
DA:22,1
DA:23,1
DA:24,0
DA:25,0
DA:26,0
DA:27,0
DA:28,0
DA:29,0
DA:30,0
DA:31,0
DA:32,0
DA:33,0
DA:34,1
DA:35,1
DA:36,0
DA:37,0
DA:38,0
DA:39,0
DA:40,0
DA:41,0
DA:42,0
DA:43,0
DA:44,1
DA:45,1
DA:46,1
DA:47,1
DA:48,1
DA:49,1
DA:50,1
LF:50
LH:30
BRDA:4,0,0,1
BRDA:6,1,0,0
BRDA:14,2,0,1
BRDA:16,3,0,0
BRF:4
BRH:2
end_of_record
TN:
SF:src\controllers\transactionController.js
FN:4,createTransaction
FN:13,getAllTransactions
FN:22,getTransactionById
FNF:3
FNH:3
FNDA:1,createTransaction
FNDA:1,getAllTransactions
FNDA:2,getTransactionById
DA:1,1
DA:2,1
DA:3,1
DA:4,1
DA:5,1
DA:6,1
DA:7,1
DA:8,1
DA:9,0
DA:10,0
DA:11,1
DA:12,1
DA:13,1
DA:14,1
DA:15,1
DA:16,1
DA:17,1
DA:18,0
DA:19,0
DA:20,1
DA:21,1
DA:22,1
DA:23,2
DA:24,2
DA:25,2
DA:26,1
DA:27,1
DA:28,1
DA:29,2
DA:30,0
DA:31,0
DA:32,2
DA:33,1
DA:34,1
DA:35,1
DA:36,1
DA:37,1
DA:38,1
LF:38
LH:32
BRDA:4,0,0,1
BRDA:8,1,0,0
BRDA:13,2,0,1
BRDA:17,3,0,0
BRDA:22,4,0,2
BRDA:25,5,0,1
BRDA:29,6,0,0
BRF:7
BRH:4
end_of_record
TN:
SF:src\controllers\userController.js
FN:4,postUser
FN:13,getAllUsers
FN:22,getUserById
FNF:3
FNH:3
FNDA:1,postUser
FNDA:2,getAllUsers
FNDA:1,getUserById
DA:1,1
DA:2,1
DA:3,1
DA:4,1
DA:5,1
DA:6,1
DA:7,0
DA:8,1
DA:9,1
DA:10,1
DA:11,1
DA:12,1
DA:13,1
DA:14,2
DA:15,2
DA:16,0
DA:17,2
DA:18,2
DA:19,2
DA:20,2
DA:21,1
DA:22,1
DA:23,1
DA:24,1
DA:25,0
DA:26,0
DA:27,0
DA:28,0
DA:29,1
DA:30,1
DA:31,1
DA:32,1
DA:33,1
DA:34,1
DA:35,1
DA:36,1
DA:37,1
DA:38,1
LF:38
LH:32
BRDA:4,0,0,1
BRDA:6,1,0,0
BRDA:13,2,0,2
BRDA:15,3,0,0
BRDA:22,4,0,1
BRDA:24,5,0,0
BRF:6
BRH:3
end_of_record
TN:
SF:src\middleware\authMiddleware.js
FN:3,authenticateToken
FNF:1
FNH:0
FNDA:0,authenticateToken
DA:1,1
DA:2,1
DA:3,1
DA:4,0
DA:5,0
DA:6,0
DA:7,0
DA:8,0
DA:9,0
DA:10,0
DA:11,0
DA:12,0
DA:13,0
DA:14,1
DA:15,1
LF:15
LH:5
BRF:0
BRH:0
end_of_record
TN:
SF:src\routes\accounts.js
FNF:0
FNH:0
DA:1,1
DA:2,1
DA:3,1
DA:4,1
DA:5,1
DA:6,1
DA:7,1
DA:8,1
DA:9,1
DA:10,1
DA:11,1
DA:12,1
DA:13,1
DA:14,1
LF:14
LH:14
BRF:0
BRH:0
end_of_record
TN:
SF:src\routes\transactions.js
FNF:0
FNH:0
DA:1,1
DA:2,1
DA:3,1
DA:4,1
DA:5,1
DA:6,1
DA:7,1
DA:8,1
DA:9,1
LF:9
LH:9
BRF:0
BRH:0
end_of_record
TN:
SF:src\routes\users.js
FNF:0
FNH:0
DA:1,1
DA:2,1
DA:3,1
DA:4,1
DA:5,1
DA:6,1
DA:7,1
DA:8,1
DA:9,1
DA:10,1
LF:10
LH:10
BRF:0
BRH:0
end_of_record
TN:
SF:src\services\accountService.js
FN:5,createAccount
FN:15,getAllAccounts
FN:19,getAccountById
FN:25,getAccountsByUserId
FNF:4
FNH:2
FNDA:1,createAccount
FNDA:1,getAllAccounts
FNDA:0,getAccountById
FNDA:0,getAccountsByUserId
DA:1,1
DA:2,1
DA:3,1
DA:4,1
DA:5,1
DA:6,1
DA:7,1
DA:8,1
DA:9,1
DA:10,1
DA:11,1
DA:12,1
DA:13,1
DA:14,1
DA:15,1
DA:16,1
DA:17,1
DA:18,1
DA:19,1
DA:20,0
DA:21,0
DA:22,0
DA:23,0
DA:24,1
DA:25,1
DA:26,0
DA:27,0
DA:28,0
DA:29,0
DA:30,1
DA:31,1
DA:32,1
DA:33,1
DA:34,1
DA:35,1
DA:36,1
LF:36
LH:28
BRDA:5,0,0,1
BRDA:15,1,0,1
BRF:2
BRH:2
end_of_record
TN:
SF:src\services\transactionService.js
FN:4,createTransaction
FN:14,getAllTransactions
FN:23,getTransactionById
FNF:3
FNH:0
FNDA:0,createTransaction
FNDA:0,getAllTransactions
FNDA:0,getTransactionById
DA:1,1
DA:2,1
DA:3,1
DA:4,1
DA:5,0
DA:6,0
DA:7,0
DA:8,0
DA:9,0
DA:10,0
DA:11,0
DA:12,0
DA:13,1
DA:14,1
DA:15,0
DA:16,0
DA:17,0
DA:18,0
DA:19,0
DA:20,0
DA:21,0
DA:22,1
DA:23,1
DA:24,0
DA:25,0
DA:26,0
DA:27,0
DA:28,0
DA:29,0
DA:30,0
DA:31,0
DA:32,1
DA:33,1
LF:33
LH:10
BRF:0
BRH:0
end_of_record
TN:
SF:src\services\userService.js
FN:4,createUser
FN:16,getAllUsers
FN:22,getUserById
FNF:3
FNH:3
FNDA:1,createUser
FNDA:2,getAllUsers
FNDA:1,getUserById
DA:1,1
DA:2,1
DA:3,1
DA:4,1
DA:5,1
DA:6,1
DA:7,1
DA:8,1
DA:9,1
DA:10,1
DA:11,1
DA:12,1
DA:13,1
DA:14,1
DA:15,1
DA:16,1
DA:17,2
DA:18,2
DA:19,2
DA:20,2
DA:21,1
DA:22,1
DA:23,1
DA:24,1
DA:25,1
DA:26,1
DA:27,1
DA:28,1
DA:29,1
LF:29
LH:29
BRDA:4,0,0,1
BRDA:16,1,0,2
BRDA:22,2,0,1
BRF:3
BRH:3
end_of_record
TN:
SF:src\validations\transactionValidation.js
FN:9,Object.<anonymous>.validateTransaction
FNF:1
FNH:1
FNDA:2,Object.<anonymous>.validateTransaction
DA:1,1
DA:2,1
DA:3,1
DA:4,1
DA:5,1
DA:6,1
DA:7,1
DA:8,1
DA:9,1
DA:10,2
DA:11,2
DA:12,1
DA:13,1
DA:14,1
DA:15,1
DA:16,1
DA:17,1
DA:18,1
LF:18
LH:18
BRDA:9,0,0,2
BRDA:11,1,0,1
BRF:2
BRH:2
end_of_record
TN:
SF:src\validations\userValidation.js
FN:9,validateUserInput
FNF:1
FNH:1
FNDA:1,validateUserInput
DA:1,1
DA:2,1
DA:3,1
DA:4,1
DA:5,1
DA:6,1
DA:7,1
DA:8,1
DA:9,1
DA:10,1
DA:11,1
DA:12,0
DA:13,0
DA:14,0
DA:15,1
DA:16,1
DA:17,1
DA:18,1
LF:18
LH:15
BRDA:9,0,0,1
BRDA:11,1,0,0
BRF:2
BRH:1
end_of_record
